Started GET "/" for ::1 at 2020-12-17 19:51:39 +0000
  [1m[35m (3.8ms)[0m  [1m[34mSELECT sqlite_version(*)[0m
Processing by Rails::WelcomeController#index as HTML
  Rendering /home/duartefdias/.rbenv/versions/2.6.6/lib/ruby/gems/2.6.0/gems/railties-6.0.3.4/lib/rails/templates/rails/welcome/index.html.erb
  Rendered /home/duartefdias/.rbenv/versions/2.6.6/lib/ruby/gems/2.6.0/gems/railties-6.0.3.4/lib/rails/templates/rails/welcome/index.html.erb (Duration: 7.9ms | Allocations: 480)
Completed 200 OK in 22ms (Views: 13.8ms | ActiveRecord: 0.0ms | Allocations: 2807)


Started GET "/" for ::1 at 2020-12-17 19:53:02 +0000
Processing by Rails::WelcomeController#index as HTML
  Rendering /home/duartefdias/.rbenv/versions/2.6.6/lib/ruby/gems/2.6.0/gems/railties-6.0.3.4/lib/rails/templates/rails/welcome/index.html.erb
  Rendered /home/duartefdias/.rbenv/versions/2.6.6/lib/ruby/gems/2.6.0/gems/railties-6.0.3.4/lib/rails/templates/rails/welcome/index.html.erb (Duration: 9.1ms | Allocations: 185)
Completed 200 OK in 12ms (Views: 10.3ms | ActiveRecord: 0.0ms | Allocations: 821)


  [1m[35m (0.3ms)[0m  [1m[34mSELECT sqlite_version(*)[0m
  [1m[35m (26.7ms)[0m  [1m[35mCREATE TABLE "schema_migrations" ("version" varchar NOT NULL PRIMARY KEY)[0m
  [1m[35m (45.6ms)[0m  [1m[35mCREATE TABLE "ar_internal_metadata" ("key" varchar NOT NULL PRIMARY KEY, "value" varchar, "created_at" datetime(6) NOT NULL, "updated_at" datetime(6) NOT NULL)[0m
  [1m[35m (0.1ms)[0m  [1m[34mSELECT "schema_migrations"."version" FROM "schema_migrations" ORDER BY "schema_migrations"."version" ASC[0m
Migrating to AddRestaurants (20201217195655)
  [1m[35m (0.1ms)[0m  [1m[36mbegin transaction[0m
  [1m[35m (0.4ms)[0m  [1m[35mCREATE TABLE "restaurants" ("id" integer PRIMARY KEY AUTOINCREMENT NOT NULL, "name" varchar, "imageURL" varchar, "category" varchar)[0m
  [1m[36mprimary::SchemaMigration Create (0.3ms)[0m  [1m[32mINSERT INTO "schema_migrations" ("version") VALUES (?)[0m  [["version", "20201217195655"]]
  [1m[35m (30.7ms)[0m  [1m[36mcommit transaction[0m
  [1m[36mActiveRecord::InternalMetadata Load (0.2ms)[0m  [1m[34mSELECT "ar_internal_metadata".* FROM "ar_internal_metadata" WHERE "ar_internal_metadata"."key" = ? LIMIT ?[0m  [["key", "environment"], ["LIMIT", 1]]
  [1m[35m (0.1ms)[0m  [1m[36mbegin transaction[0m
  [1m[36mActiveRecord::InternalMetadata Create (0.3ms)[0m  [1m[32mINSERT INTO "ar_internal_metadata" ("key", "value", "created_at", "updated_at") VALUES (?, ?, ?, ?)[0m  [["key", "environment"], ["value", "development"], ["created_at", "2020-12-17 20:01:36.779960"], ["updated_at", "2020-12-17 20:01:36.779960"]]
  [1m[35m (16.8ms)[0m  [1m[36mcommit transaction[0m
  [1m[35m (0.1ms)[0m  [1m[34mSELECT sqlite_version(*)[0m
  [1m[35m (0.1ms)[0m  [1m[34mSELECT "schema_migrations"."version" FROM "schema_migrations" ORDER BY "schema_migrations"."version" ASC[0m
  [1m[35m (0.3ms)[0m  [1m[34mSELECT sqlite_version(*)[0m
  [1m[35m (0.1ms)[0m  [1m[34mSELECT "schema_migrations"."version" FROM "schema_migrations" ORDER BY "schema_migrations"."version" ASC[0m
  [1m[35m (0.1ms)[0m  [1m[34mSELECT "schema_migrations"."version" FROM "schema_migrations" ORDER BY "schema_migrations"."version" ASC[0m
  [1m[35m (0.1ms)[0m  [1m[34mSELECT "schema_migrations"."version" FROM "schema_migrations" ORDER BY "schema_migrations"."version" ASC[0m
  [1m[35m (0.1ms)[0m  [1m[34mSELECT "schema_migrations"."version" FROM "schema_migrations" ORDER BY "schema_migrations"."version" ASC[0m
Migrating to AddRestaurants (20201217195655)
  [1m[35m (0.2ms)[0m  [1m[36mbegin transaction[0m
  [1m[35m (0.7ms)[0m  [1m[35mDROP TABLE "restaurants"[0m
  [1m[36mprimary::SchemaMigration Destroy (0.5ms)[0m  [1m[31mDELETE FROM "schema_migrations" WHERE "schema_migrations"."version" = ?[0m  [["version", "20201217195655"]]
  [1m[35m (16.9ms)[0m  [1m[36mcommit transaction[0m
  [1m[35m (0.1ms)[0m  [1m[34mSELECT sqlite_version(*)[0m
  [1m[35m (0.2ms)[0m  [1m[34mSELECT "schema_migrations"."version" FROM "schema_migrations" ORDER BY "schema_migrations"."version" ASC[0m
  [1m[35m (0.3ms)[0m  [1m[34mSELECT sqlite_version(*)[0m
  [1m[35m (0.1ms)[0m  [1m[34mSELECT "schema_migrations"."version" FROM "schema_migrations" ORDER BY "schema_migrations"."version" ASC[0m
Migrating to AddRestaurants (20201217195655)
  [1m[35m (0.1ms)[0m  [1m[36mbegin transaction[0m
  [1m[35m (0.4ms)[0m  [1m[35mCREATE TABLE "restaurants" ("id" integer PRIMARY KEY AUTOINCREMENT NOT NULL, "name" varchar, "image_url" varchar, "category" varchar, "price_range" integer)[0m
  [1m[36mprimary::SchemaMigration Create (0.3ms)[0m  [1m[32mINSERT INTO "schema_migrations" ("version") VALUES (?)[0m  [["version", "20201217195655"]]
  [1m[35m (16.7ms)[0m  [1m[36mcommit transaction[0m
  [1m[36mActiveRecord::InternalMetadata Load (0.3ms)[0m  [1m[34mSELECT "ar_internal_metadata".* FROM "ar_internal_metadata" WHERE "ar_internal_metadata"."key" = ? LIMIT ?[0m  [["key", "environment"], ["LIMIT", 1]]
  [1m[35m (0.1ms)[0m  [1m[34mSELECT sqlite_version(*)[0m
  [1m[35m (0.1ms)[0m  [1m[34mSELECT "schema_migrations"."version" FROM "schema_migrations" ORDER BY "schema_migrations"."version" ASC[0m
  [1m[35m (0.3ms)[0m  [1m[34mSELECT sqlite_version(*)[0m
  [1m[35m (0.2ms)[0m  [1m[34mSELECT "schema_migrations"."version" FROM "schema_migrations" ORDER BY "schema_migrations"."version" ASC[0m
  [1m[35m (0.3ms)[0m  [1m[34mSELECT sqlite_version(*)[0m
  [1m[35m (0.1ms)[0m  [1m[34mSELECT "schema_migrations"."version" FROM "schema_migrations" ORDER BY "schema_migrations"."version" ASC[0m
  [1m[35m (0.1ms)[0m  [1m[34mSELECT sqlite_version(*)[0m
  [1m[35m (0.1ms)[0m  [1m[36mbegin transaction[0m
  [1m[36mRestaurant Create (0.4ms)[0m  [1m[32mINSERT INTO "restaurants" ("name", "image_url", "category", "price_range") VALUES (?, ?, ?, ?)[0m  [["name", "McDonalds"], ["image_url", "https://pbs.twimg.com/profile_images/1334527633992761344/kwlzzLs6_400x400.png"], ["category", "fast food"], ["price_range", 1]]
  [1m[35m (15.5ms)[0m  [1m[36mcommit transaction[0m
  [1m[35m (0.1ms)[0m  [1m[36mbegin transaction[0m
  [1m[36mRestaurant Create (0.3ms)[0m  [1m[32mINSERT INTO "restaurants" ("name", "image_url", "category", "price_range") VALUES (?, ?, ?, ?)[0m  [["name", "McDonalds 2"], ["image_url", "https://pbs.twimg.com/profile_images/1334527633992761344/kwlzzLs6_400x400.png"], ["category", "fast food"], ["price_range", 1]]
  [1m[35m (22.5ms)[0m  [1m[36mcommit transaction[0m
Started GET "/" for ::1 at 2020-12-17 20:13:46 +0000
  [1m[35m (0.1ms)[0m  [1m[34mSELECT sqlite_version(*)[0m
  [1m[35m (0.2ms)[0m  [1m[34mSELECT "schema_migrations"."version" FROM "schema_migrations" ORDER BY "schema_migrations"."version" ASC[0m
Processing by RestaurantsController#show as HTML
  Rendering restaurants/show.html.erb within layouts/application
  Rendered restaurants/show.html.erb within layouts/application (Duration: 387.7ms | Allocations: 144670)
Completed 500 Internal Server Error in 392ms (ActiveRecord: 0.0ms | Allocations: 145809)


  
ActionView::Template::Error (undefined local variable or method `restaurants' for #<#<Class:0x0000556cd01ad050>:0x0000556cd02371d8>
Did you mean?  return):
    1: <h3><%= restaurants.name %></h3>
  
app/views/restaurants/show.html.erb:1
Started GET "/" for ::1 at 2020-12-17 20:14:56 +0000
Processing by RestaurantsController#show as HTML
  Rendering restaurants/show.html.erb within layouts/application
  Rendered restaurants/show.html.erb within layouts/application (Duration: 387.9ms | Allocations: 143983)
Completed 500 Internal Server Error in 403ms (ActiveRecord: 0.0ms | Allocations: 145083)


  
ActionView::Template::Error (undefined local variable or method `restaurants' for #<#<Class:0x0000556ccf3749e8>:0x0000556ccf384d48>
Did you mean?  return):
    1: <% restaurants.each do |restaurant| %>
    2:   <h3><%= restaurant.name %></h3>
    3:   <h4><%= restaurant.category %></h4>
    4: <% end %>
  
app/views/restaurants/show.html.erb:1
Started GET "/" for ::1 at 2020-12-17 20:16:20 +0000
  [1m[35m (0.1ms)[0m  [1m[34mSELECT sqlite_version(*)[0m
Processing by RestaurantsController#index as HTML
Completed 500 Internal Server Error in 3ms (ActiveRecord: 0.0ms | Allocations: 1735)


  
ActionView::MissingTemplate (Missing template restaurants/index, application/index with {:locale=>[:en], :formats=>[:html], :variants=>[], :handlers=>[:raw, :erb, :html, :builder, :ruby, :jbuilder]}. Searched in:
  * "/home/duartefdias/ruby/personal-projects/lisbon-restaurants-ruby/app/views"
  * "/home/duartefdias/.rbenv/versions/2.6.6/lib/ruby/gems/2.6.0/gems/actiontext-6.0.3.4/app/views"
  * "/home/duartefdias/.rbenv/versions/2.6.6/lib/ruby/gems/2.6.0/gems/actionmailbox-6.0.3.4/app/views"
):
  
app/controllers/restaurants_controller.rb:4:in `index'
Started GET "/" for ::1 at 2020-12-17 20:16:31 +0000
Processing by RestaurantsController#index as HTML
  Rendering restaurants/index.html.erb within layouts/application
  [1m[36mRestaurant Load (0.8ms)[0m  [1m[34mSELECT "restaurants".* FROM "restaurants"[0m
  ↳ app/views/restaurants/index.html.erb:1
  Rendered restaurants/index.html.erb within layouts/application (Duration: 32.0ms | Allocations: 4587)
[Webpacker] Compiling...
[Webpacker] Compiled all packs in /home/duartefdias/ruby/personal-projects/lisbon-restaurants-ruby/public/packs
[Webpacker] Hash: 76145d9ce4575ebaa29b
Version: webpack 4.44.2
Time: 1795ms
Built at: 12/17/2020 8:16:34 PM
                                     Asset       Size       Chunks                         Chunk Names
    js/application-c229f7c7014cf8c8d494.js    124 KiB  application  [emitted] [immutable]  application
js/application-c229f7c7014cf8c8d494.js.map    139 KiB  application  [emitted] [dev]        application
                             manifest.json  364 bytes               [emitted]              
Entrypoint application = js/application-c229f7c7014cf8c8d494.js js/application-c229f7c7014cf8c8d494.js.map
[./app/javascript/channels sync recursive _channel\.js$] ./app/javascript/channels sync _channel\.js$ 160 bytes {application} [built]
[./app/javascript/channels/index.js] 211 bytes {application} [built]
[./app/javascript/packs/application.js] 749 bytes {application} [built]
[./node_modules/webpack/buildin/module.js] (webpack)/buildin/module.js 552 bytes {application} [built]
    + 3 hidden modules

Completed 200 OK in 3307ms (Views: 3300.0ms | ActiveRecord: 4.2ms | Allocations: 19348)


Started GET "/" for ::1 at 2020-12-17 20:27:59 +0000
  
ArgumentError (Missing :controller key on routes definition, please check your routes.):
  
config/routes.rb:8:in `block in <main>'
config/routes.rb:1:in `<main>'
Started GET "/" for ::1 at 2020-12-17 20:28:56 +0000
  
ArgumentError (Missing :controller key on routes definition, please check your routes.):
  
config/routes.rb:8:in `block in <main>'
config/routes.rb:1:in `<main>'
Started GET "/" for ::1 at 2020-12-17 20:29:20 +0000
  
ArgumentError (Missing :controller key on routes definition, please check your routes.):
  
config/routes.rb:8:in `block in <main>'
config/routes.rb:1:in `<main>'
Started GET "/" for ::1 at 2020-12-17 20:29:54 +0000
  
ArgumentError (Missing :controller key on routes definition, please check your routes.):
  
config/routes.rb:8:in `block in <main>'
config/routes.rb:1:in `<main>'
Started GET "/" for ::1 at 2020-12-17 20:30:11 +0000
  [1m[35m (0.1ms)[0m  [1m[34mSELECT sqlite_version(*)[0m
Processing by RestaurantsController#index as HTML
  Rendering restaurants/index.html.erb within layouts/application
  [1m[36mRestaurant Load (0.2ms)[0m  [1m[34mSELECT "restaurants".* FROM "restaurants"[0m
  ↳ app/views/restaurants/index.html.erb:1
  Rendered restaurants/index.html.erb within layouts/application (Duration: 15.4ms | Allocations: 4004)
[Webpacker] Everything's up-to-date. Nothing to do
Completed 200 OK in 26ms (Views: 22.8ms | ActiveRecord: 0.2ms | Allocations: 8489)


Started GET "/" for ::1 at 2020-12-17 20:30:21 +0000
  
ArgumentError (Missing :controller key on routes definition, please check your routes.):
  
config/routes.rb:8:in `block in <main>'
config/routes.rb:1:in `<main>'
Started GET "/fast%20food" for ::1 at 2020-12-17 20:30:29 +0000
  [1m[35m (0.1ms)[0m  [1m[34mSELECT sqlite_version(*)[0m
  
ActionController::RoutingError (No route matches [GET] "/fast%20food"):
  
actionpack (6.0.3.4) lib/action_dispatch/middleware/debug_exceptions.rb:36:in `call'
web-console (4.1.0) lib/web_console/middleware.rb:132:in `call_app'
web-console (4.1.0) lib/web_console/middleware.rb:28:in `block in call'
web-console (4.1.0) lib/web_console/middleware.rb:17:in `catch'
web-console (4.1.0) lib/web_console/middleware.rb:17:in `call'
actionpack (6.0.3.4) lib/action_dispatch/middleware/show_exceptions.rb:33:in `call'
railties (6.0.3.4) lib/rails/rack/logger.rb:37:in `call_app'
railties (6.0.3.4) lib/rails/rack/logger.rb:26:in `block in call'
activesupport (6.0.3.4) lib/active_support/tagged_logging.rb:80:in `block in tagged'
activesupport (6.0.3.4) lib/active_support/tagged_logging.rb:28:in `tagged'
activesupport (6.0.3.4) lib/active_support/tagged_logging.rb:80:in `tagged'
railties (6.0.3.4) lib/rails/rack/logger.rb:26:in `call'
sprockets-rails (3.2.2) lib/sprockets/rails/quiet_assets.rb:13:in `call'
actionpack (6.0.3.4) lib/action_dispatch/middleware/remote_ip.rb:81:in `call'
actionpack (6.0.3.4) lib/action_dispatch/middleware/request_id.rb:27:in `call'
rack (2.2.3) lib/rack/method_override.rb:24:in `call'
rack (2.2.3) lib/rack/runtime.rb:22:in `call'
activesupport (6.0.3.4) lib/active_support/cache/strategy/local_cache_middleware.rb:29:in `call'
actionpack (6.0.3.4) lib/action_dispatch/middleware/executor.rb:14:in `call'
actionpack (6.0.3.4) lib/action_dispatch/middleware/static.rb:126:in `call'
rack (2.2.3) lib/rack/sendfile.rb:110:in `call'
actionpack (6.0.3.4) lib/action_dispatch/middleware/host_authorization.rb:82:in `call'
webpacker (4.3.0) lib/webpacker/dev_server_proxy.rb:23:in `perform_request'
rack-proxy (0.6.5) lib/rack/proxy.rb:57:in `call'
railties (6.0.3.4) lib/rails/engine.rb:527:in `call'
puma (4.3.7) lib/puma/configuration.rb:228:in `call'
puma (4.3.7) lib/puma/server.rb:713:in `handle_request'
puma (4.3.7) lib/puma/server.rb:472:in `process_client'
puma (4.3.7) lib/puma/server.rb:328:in `block in run'
puma (4.3.7) lib/puma/thread_pool.rb:134:in `block in spawn_thread'
Started GET "/fast%20food" for ::1 at 2020-12-17 20:31:30 +0000
  
ArgumentError (Missing :controller key on routes definition, please check your routes.):
  
config/routes.rb:8:in `block in <main>'
config/routes.rb:1:in `<main>'
Started GET "/fast%20food" for ::1 at 2020-12-17 20:31:53 +0000
  [1m[35m (0.1ms)[0m  [1m[34mSELECT sqlite_version(*)[0m
Processing by RestaurantsController#category as HTML
  Parameters: {"category_path"=>"fast food"}
  Rendering restaurants/category.html.erb within layouts/application
  Rendered restaurants/category.html.erb within layouts/application (Duration: 416.8ms | Allocations: 146849)
Completed 500 Internal Server Error in 421ms (ActiveRecord: 0.0ms | Allocations: 147971)


  
ActionView::Template::Error (undefined local variable or method `restaurants_by_category' for #<#<Class:0x00007f0674794b00>:0x00007f067479b1a8>):
    1: <% restaurants_by_category.each do |restaurant| %>
    2:   <h3><%= restaurant.name %></h3>
    3:   <h4><%= restaurant.category %></h4>
    4: <% end %>
  
app/views/restaurants/category.html.erb:1
Started GET "/fast%20food" for ::1 at 2020-12-17 20:32:38 +0000
  [1m[35m (0.1ms)[0m  [1m[34mSELECT sqlite_version(*)[0m
Processing by RestaurantsController#category as HTML
  Parameters: {"category"=>"fast food"}
  Rendering restaurants/category.html.erb within layouts/application
  Rendered restaurants/category.html.erb within layouts/application (Duration: 325.4ms | Allocations: 146898)
Completed 500 Internal Server Error in 329ms (ActiveRecord: 0.0ms | Allocations: 147868)


  
ActionView::Template::Error (undefined local variable or method `restaurants_by_category' for #<#<Class:0x00007f0674335e60>:0x00007f067433ff00>):
    1: <% restaurants_by_category.each do |restaurant| %>
    2:   <h3><%= restaurant.name %></h3>
    3:   <h4><%= restaurant.category %></h4>
    4: <% end %>
  
app/views/restaurants/category.html.erb:1
Started GET "/fast%20food" for ::1 at 2020-12-17 20:33:00 +0000
Processing by RestaurantsController#category as HTML
  Parameters: {"category"=>"fast food"}
  Rendering restaurants/category.html.erb within layouts/application
  Rendered restaurants/category.html.erb within layouts/application (Duration: 364.3ms | Allocations: 146894)
Completed 500 Internal Server Error in 378ms (ActiveRecord: 0.0ms | Allocations: 148115)


  
ActionView::Template::Error (undefined local variable or method `restaurants_by_category' for #<#<Class:0x0000556ccdd183e8>:0x0000556ccdd3a628>):
    1: <% restaurants_by_category.each do |restaurant| %>
    2:   <h3><%= restaurant.name %></h3>
    3:   <h4><%= restaurant.category %></h4>
    4: <% end %>
  
app/views/restaurants/category.html.erb:1
Started GET "/fast%20food" for ::1 at 2020-12-17 20:33:34 +0000
  [1m[35m (0.1ms)[0m  [1m[34mSELECT sqlite_version(*)[0m
Processing by RestaurantsController#category as HTML
  Parameters: {"category"=>"fast food"}
Completed 500 Internal Server Error in 213ms (ActiveRecord: 0.0ms | Allocations: 98323)


  
NameError (undefined local variable or method `restaurants' for #<RestaurantsController:0x0000556ccfc22248>
Did you mean?  return):
  
app/controllers/restaurants_controller.rb:9:in `category'
Started GET "/fast%20food" for ::1 at 2020-12-17 20:33:49 +0000
  [1m[35m (0.3ms)[0m  [1m[34mSELECT sqlite_version(*)[0m
Processing by RestaurantsController#category as HTML
  Parameters: {"category"=>"fast food"}
  Rendering restaurants/category.html.erb within layouts/application
  Rendered restaurants/category.html.erb within layouts/application (Duration: 337.5ms | Allocations: 146867)
Completed 500 Internal Server Error in 347ms (ActiveRecord: 0.0ms | Allocations: 147920)


  
ActionView::Template::Error (undefined local variable or method `restaurants_by_category' for #<#<Class:0x0000556ccfbf1990>:0x0000556ccfc0b4f8>):
    1: <% restaurants_by_category.each do |restaurant| %>
    2:   <h3><%= restaurant.name %></h3>
    3:   <h4><%= restaurant.category %></h4>
    4: <% end %>
  
app/views/restaurants/category.html.erb:1
app/controllers/restaurants_controller.rb:9:in `category'
Started GET "/fast%20food" for ::1 at 2020-12-17 20:33:57 +0000
  [1m[35m (0.1ms)[0m  [1m[34mSELECT sqlite_version(*)[0m
Processing by RestaurantsController#category as HTML
  Parameters: {"category"=>"fast food"}
  Rendering restaurants/category.html.erb within layouts/application
  [1m[36mRestaurant Load (0.2ms)[0m  [1m[34mSELECT "restaurants".* FROM "restaurants" WHERE (category = 'fast food')[0m
  ↳ app/views/restaurants/category.html.erb:1
  Rendered restaurants/category.html.erb within layouts/application (Duration: 9.0ms | Allocations: 4346)
[Webpacker] Everything's up-to-date. Nothing to do
Completed 200 OK in 17ms (Views: 14.1ms | ActiveRecord: 0.9ms | Allocations: 8365)


Started GET "/fast%20food" for ::1 at 2020-12-17 21:53:58 +0000
  [1m[35m (0.2ms)[0m  [1m[34mSELECT sqlite_version(*)[0m
Processing by RestaurantsController#category as HTML
  Parameters: {"category"=>"fast food"}
  Rendering restaurants/category.html.erb within layouts/application
  [1m[36mRestaurant Load (1.5ms)[0m  [1m[34mSELECT "restaurants".* FROM "restaurants" WHERE (category = 'fast food')[0m
  ↳ app/views/restaurants/category.html.erb:1
  Rendered restaurants/category.html.erb within layouts/application (Duration: 6.1ms | Allocations: 664)
[Webpacker] Everything's up-to-date. Nothing to do
Completed 200 OK in 17ms (Views: 12.5ms | ActiveRecord: 1.5ms | Allocations: 3966)


Started GET "/" for ::1 at 2020-12-17 21:55:14 +0000
Processing by RestaurantsController#index as HTML
  Rendering restaurants/index.html.erb within layouts/application
  [1m[36mRestaurant Load (0.2ms)[0m  [1m[34mSELECT "restaurants".* FROM "restaurants"[0m
  ↳ app/views/restaurants/index.html.erb:1
  Rendered restaurants/index.html.erb within layouts/application (Duration: 1.9ms | Allocations: 794)
[Webpacker] Everything's up-to-date. Nothing to do
Completed 200 OK in 8ms (Views: 6.9ms | ActiveRecord: 0.2ms | Allocations: 4220)


Started GET "/" for ::1 at 2020-12-18 00:55:51 +0000
  [1m[35m (0.3ms)[0m  [1m[34mSELECT sqlite_version(*)[0m
Processing by RestaurantsController#index as HTML
  Rendering restaurants/index.html.erb within layouts/application
  Rendered restaurants/index.html.erb within layouts/application (Duration: 1.9ms | Allocations: 85)
[Webpacker] Everything's up-to-date. Nothing to do
Completed 200 OK in 77ms (Views: 72.8ms | ActiveRecord: 0.0ms | Allocations: 4269)


Started GET "/" for ::1 at 2020-12-18 00:58:59 +0000
Processing by RestaurantsController#index as HTML
  Rendering restaurants/index.html.erb within layouts/application
  Rendered restaurants/index.html.erb within layouts/application (Duration: 0.8ms | Allocations: 99)
[Webpacker] Everything's up-to-date. Nothing to do
Completed 200 OK in 10ms (Views: 8.7ms | ActiveRecord: 0.0ms | Allocations: 4282)


Started GET "/" for ::1 at 2020-12-18 00:59:01 +0000
Processing by RestaurantsController#index as HTML
  Rendering restaurants/index.html.erb within layouts/application
  Rendered restaurants/index.html.erb within layouts/application (Duration: 0.3ms | Allocations: 4)
[Webpacker] Everything's up-to-date. Nothing to do
Completed 200 OK in 18ms (Views: 15.0ms | ActiveRecord: 0.0ms | Allocations: 3271)


Started GET "/" for ::1 at 2020-12-18 00:59:07 +0000
Processing by RestaurantsController#index as HTML
  Rendering restaurants/index.html.erb within layouts/application
  Rendered restaurants/index.html.erb within layouts/application (Duration: 1.3ms | Allocations: 94)
[Webpacker] Everything's up-to-date. Nothing to do
Completed 200 OK in 20ms (Views: 18.0ms | ActiveRecord: 0.0ms | Allocations: 4274)


Started GET "/" for ::1 at 2020-12-18 00:59:08 +0000
Processing by RestaurantsController#index as HTML
  Rendering restaurants/index.html.erb within layouts/application
  Rendered restaurants/index.html.erb within layouts/application (Duration: 0.1ms | Allocations: 4)
[Webpacker] Everything's up-to-date. Nothing to do
Completed 200 OK in 5ms (Views: 4.4ms | ActiveRecord: 0.0ms | Allocations: 3261)


Started GET "/" for ::1 at 2020-12-18 00:59:18 +0000
Processing by RestaurantsController#index as HTML
  Rendering restaurants/index.html.erb within layouts/application
  Rendered restaurants/index.html.erb within layouts/application (Duration: 0.3ms | Allocations: 4)
[Webpacker] Everything's up-to-date. Nothing to do
Completed 200 OK in 14ms (Views: 10.8ms | ActiveRecord: 0.0ms | Allocations: 3264)


Started GET "/" for ::1 at 2020-12-18 00:59:26 +0000
Processing by RestaurantsController#index as HTML
  Rendering restaurants/index.html.erb within layouts/application
  Rendered restaurants/index.html.erb within layouts/application (Duration: 2.0ms | Allocations: 94)
[Webpacker] Everything's up-to-date. Nothing to do
Completed 200 OK in 31ms (Views: 24.5ms | ActiveRecord: 0.0ms | Allocations: 4268)


Started GET "/" for ::1 at 2020-12-18 00:59:37 +0000
Processing by RestaurantsController#index as HTML
  Rendering restaurants/index.html.erb within layouts/application
  Rendered restaurants/index.html.erb within layouts/application (Duration: 0.5ms | Allocations: 95)
[Webpacker] Everything's up-to-date. Nothing to do
Completed 200 OK in 9ms (Views: 7.5ms | ActiveRecord: 0.0ms | Allocations: 4273)


Started GET "/" for ::1 at 2020-12-18 00:59:38 +0000
Processing by RestaurantsController#index as HTML
  Rendering restaurants/index.html.erb within layouts/application
  Rendered restaurants/index.html.erb within layouts/application (Duration: 0.0ms | Allocations: 4)
[Webpacker] Everything's up-to-date. Nothing to do
Completed 200 OK in 5ms (Views: 4.1ms | ActiveRecord: 0.0ms | Allocations: 3275)


Started GET "/" for ::1 at 2020-12-18 01:00:31 +0000
Processing by RestaurantsController#index as HTML
  Rendering restaurants/index.html.erb within layouts/application
  Rendered restaurants/index.html.erb within layouts/application (Duration: 2.3ms | Allocations: 94)
[Webpacker] Everything's up-to-date. Nothing to do
Completed 200 OK in 28ms (Views: 26.1ms | ActiveRecord: 0.0ms | Allocations: 4273)


Started GET "/" for ::1 at 2020-12-18 01:03:02 +0000
Processing by RestaurantsController#index as HTML
  Rendering restaurants/index.html.erb within layouts/application
  Rendered restaurants/index.html.erb within layouts/application (Duration: 1.6ms | Allocations: 95)
[Webpacker] Everything's up-to-date. Nothing to do
Completed 200 OK in 66ms (Views: 61.6ms | ActiveRecord: 0.0ms | Allocations: 7542)


Started GET "/" for ::1 at 2020-12-18 01:03:12 +0000
Processing by RestaurantsController#index as HTML
  Rendering restaurants/index.html.erb within layouts/application
  Rendered restaurants/index.html.erb within layouts/application (Duration: 1.6ms | Allocations: 92)
[Webpacker] Everything's up-to-date. Nothing to do
Completed 200 OK in 30ms (Views: 27.5ms | ActiveRecord: 0.0ms | Allocations: 4273)


Started GET "/" for ::1 at 2020-12-18 01:05:39 +0000
Processing by RestaurantsController#index as HTML
  Rendering restaurants/index.html.erb within layouts/application
  Rendered restaurants/index.html.erb within layouts/application (Duration: 0.7ms | Allocations: 130)
[Webpacker] Everything's up-to-date. Nothing to do
Completed 200 OK in 25ms (Views: 23.9ms | ActiveRecord: 0.0ms | Allocations: 8032)


Started GET "/" for ::1 at 2020-12-18 01:08:23 +0000
Processing by RestaurantsController#index as HTML
  Rendering restaurants/index.html.erb within layouts/application
  Rendered restaurants/index.html.erb within layouts/application (Duration: 3.2ms | Allocations: 114)
[Webpacker] Everything's up-to-date. Nothing to do
Completed 200 OK in 65ms (Views: 62.2ms | ActiveRecord: 0.0ms | Allocations: 7678)


Started GET "/" for ::1 at 2020-12-18 01:09:35 +0000
Processing by RestaurantsController#index as HTML
  Rendering restaurants/index.html.erb within layouts/application
  Rendered restaurants/index.html.erb within layouts/application (Duration: 1.0ms | Allocations: 121)
[Webpacker] Everything's up-to-date. Nothing to do
Completed 200 OK in 28ms (Views: 26.5ms | ActiveRecord: 0.0ms | Allocations: 8250)


Started GET "/" for ::1 at 2020-12-18 01:10:04 +0000
Processing by RestaurantsController#index as HTML
  Rendering restaurants/index.html.erb within layouts/application
  Rendered restaurants/index.html.erb within layouts/application (Duration: 1.8ms | Allocations: 118)
[Webpacker] Everything's up-to-date. Nothing to do
Completed 200 OK in 33ms (Views: 31.0ms | ActiveRecord: 0.0ms | Allocations: 4288)


Started GET "/" for ::1 at 2020-12-18 01:11:31 +0000
Processing by RestaurantsController#index as HTML
  Rendering restaurants/index.html.erb within layouts/application
  Rendered restaurants/index.html.erb within layouts/application (Duration: 1.1ms | Allocations: 97)
[Webpacker] Everything's up-to-date. Nothing to do
Completed 200 OK in 39ms (Views: 34.1ms | ActiveRecord: 0.0ms | Allocations: 4267)


Started GET "/" for ::1 at 2020-12-18 01:11:39 +0000
Processing by RestaurantsController#index as HTML
  Rendering restaurants/index.html.erb within layouts/application
  Rendered restaurants/index.html.erb within layouts/application (Duration: 1.5ms | Allocations: 140)
[Webpacker] Everything's up-to-date. Nothing to do
Completed 200 OK in 17ms (Views: 15.0ms | ActiveRecord: 0.0ms | Allocations: 4328)


Started GET "/" for ::1 at 2020-12-18 01:12:03 +0000
Processing by RestaurantsController#index as HTML
  Rendering restaurants/index.html.erb within layouts/application
  Rendered restaurants/index.html.erb within layouts/application (Duration: 2.2ms | Allocations: 96)
[Webpacker] Everything's up-to-date. Nothing to do
Completed 200 OK in 26ms (Views: 23.6ms | ActiveRecord: 0.0ms | Allocations: 4272)


Started GET "/" for ::1 at 2020-12-18 01:18:12 +0000
  [1m[35m (0.1ms)[0m  [1m[34mSELECT sqlite_version(*)[0m
  
SyntaxError (/home/duartefdias/ruby/personal-projects/lisbon-restaurants-ruby/app/controllers/restaurants_controller.rb:5: syntax error, unexpected =>
            {name: => "Sushi"}
                   ^~
/home/duartefdias/ruby/personal-projects/lisbon-restaurants-ruby/app/controllers/restaurants_controller.rb:5: syntax error, unexpected '}', expecting end
            {name: => "Sushi"}
                             ^
/home/duartefdias/ruby/personal-projects/lisbon-restaurants-ruby/app/controllers/restaurants_controller.rb:6: syntax error, unexpected '}', expecting end
...       {name: => "Hamburguers"}
...                              ^):
  
app/controllers/restaurants_controller.rb:5: syntax error, unexpected =>
app/controllers/restaurants_controller.rb:5: syntax error, unexpected '}', expecting end
app/controllers/restaurants_controller.rb:6: syntax error, unexpected '}', expecting end
app/controllers/restaurants_controller.rb:5: syntax error, unexpected =>
app/controllers/restaurants_controller.rb:5: syntax error, unexpected '}', expecting end
app/controllers/restaurants_controller.rb:6: syntax error, unexpected '}', expecting end
app/controllers/restaurants_controller.rb:5: syntax error, unexpected =>
app/controllers/restaurants_controller.rb:5: syntax error, unexpected '}', expecting end
app/controllers/restaurants_controller.rb:6: syntax error, unexpected '}', expecting end
Started GET "/" for ::1 at 2020-12-18 01:18:54 +0000
  [1m[35m (0.1ms)[0m  [1m[34mSELECT sqlite_version(*)[0m
  
SyntaxError (/home/duartefdias/ruby/personal-projects/lisbon-restaurants-ruby/app/controllers/restaurants_controller.rb:6: syntax error, unexpected {, expecting ']'
            {"name" => "Hamburguers"}
            ^
/home/duartefdias/ruby/personal-projects/lisbon-restaurants-ruby/app/controllers/restaurants_controller.rb:7: syntax error, unexpected ']', expecting end
        ]
        ^):
  
app/controllers/restaurants_controller.rb:6: syntax error, unexpected {, expecting ']'
app/controllers/restaurants_controller.rb:7: syntax error, unexpected ']', expecting end
app/controllers/restaurants_controller.rb:6: syntax error, unexpected {, expecting ']'
app/controllers/restaurants_controller.rb:7: syntax error, unexpected ']', expecting end
app/controllers/restaurants_controller.rb:6: syntax error, unexpected {, expecting ']'
app/controllers/restaurants_controller.rb:7: syntax error, unexpected ']', expecting end
Started GET "/" for ::1 at 2020-12-18 01:19:02 +0000
  [1m[35m (0.1ms)[0m  [1m[34mSELECT sqlite_version(*)[0m
Processing by RestaurantsController#index as HTML
  Rendering restaurants/index.html.erb within layouts/application
  Rendered restaurants/index.html.erb within layouts/application (Duration: 1.0ms | Allocations: 983)
Completed 500 Internal Server Error in 7ms (ActiveRecord: 0.0ms | Allocations: 2525)


  
ActionView::SyntaxErrorInTemplate (Encountered a syntax error while rendering template: check <!-- 15 Categories-->
<!-- Template source: https://codepen.io/steveeeie/pen/NVWMEM#_=_ -->
<link href="https://fonts.googleapis.com/css?family=Montserrat:400,700" rel="stylesheet">

<section class="hero-section">
  <div class="card-grid">
    <%= categories.each do |category| =%>
    <a class="card" href="#">
      <div class="card__background" style="background-image: url(https://images.unsplash.com/photo-1557177324-56c542165309?ixlib=rb-1.2.1&auto=format&fit=crop&w=1950&q=80)"></div>
      <div class="card__content">
        <p class="card__category">category.name</p>
        <!-- <h3 class="card__heading">Example Card Heading</h3> -->
      </div>
    </a>
    <%= end =%>
  <div>
</section>
):
1:    <!-- 15 Categories-->
2:    <!-- Template source: https://codepen.io/steveeeie/pen/NVWMEM#_=_ -->
3:    <link href="https://fonts.googleapis.com/css?family=Montserrat:400,700" rel="stylesheet">
4:    
5:    <section class="hero-section">
6:      <div class="card-grid">
7:        <%= categories.each do |category| =%>
8:        <a class="card" href="#">
9:          <div class="card__background" style="background-image: url(https://images.unsplash.com/photo-1557177324-56c542165309?ixlib=rb-1.2.1&auto=format&fit=crop&w=1950&q=80)"></div>
10:          <div class="card__content">
11:            <p class="card__category">category.name</p>
12:            <!-- <h3 class="card__heading">Example Card Heading</h3> -->
13:          </div>
14:        </a>
15:        <%= end =%>
16:      <div>
17:    </section>
  
app/views/restaurants/index.html.erb:14: syntax error, unexpected end
app/views/restaurants/index.html.erb:17: syntax error, unexpected end, expecting ')'
app/views/restaurants/index.html.erb:14: syntax error, unexpected end
app/views/restaurants/index.html.erb:17: syntax error, unexpected end, expecting ')'
app/views/restaurants/index.html.erb:14: syntax error, unexpected end
app/views/restaurants/index.html.erb:17: syntax error, unexpected end, expecting ')'
app/views/restaurants/index.html.erb:14: syntax error, unexpected end
app/views/restaurants/index.html.erb:17: syntax error, unexpected end, expecting ')'
app/views/restaurants/index.html.erb:14: syntax error, unexpected end
app/views/restaurants/index.html.erb:17: syntax error, unexpected end, expecting ')'
app/views/restaurants/index.html.erb:14: syntax error, unexpected end
app/views/restaurants/index.html.erb:17: syntax error, unexpected end, expecting ')'
app/controllers/restaurants_controller.rb:17:in `category'
app/controllers/restaurants_controller.rb:9:in `index'
Started GET "/" for ::1 at 2020-12-18 01:19:15 +0000
  [1m[35m (0.1ms)[0m  [1m[34mSELECT sqlite_version(*)[0m
  
SyntaxError (/home/duartefdias/ruby/personal-projects/lisbon-restaurants-ruby/app/controllers/restaurants_controller.rb:5: syntax error, unexpected =>
            {name: => "Sushi"},
                   ^~
/home/duartefdias/ruby/personal-projects/lisbon-restaurants-ruby/app/controllers/restaurants_controller.rb:5: syntax error, unexpected '}', expecting end
            {name: => "Sushi"},
                             ^
/home/duartefdias/ruby/personal-projects/lisbon-restaurants-ruby/app/controllers/restaurants_controller.rb:6: syntax error, unexpected '}', expecting end
...       {name: => "Hamburguers"}
...                              ^):
  
app/controllers/restaurants_controller.rb:5: syntax error, unexpected =>
app/controllers/restaurants_controller.rb:5: syntax error, unexpected '}', expecting end
app/controllers/restaurants_controller.rb:6: syntax error, unexpected '}', expecting end
app/controllers/restaurants_controller.rb:5: syntax error, unexpected =>
app/controllers/restaurants_controller.rb:5: syntax error, unexpected '}', expecting end
app/controllers/restaurants_controller.rb:6: syntax error, unexpected '}', expecting end
app/controllers/restaurants_controller.rb:5: syntax error, unexpected =>
app/controllers/restaurants_controller.rb:5: syntax error, unexpected '}', expecting end
app/controllers/restaurants_controller.rb:6: syntax error, unexpected '}', expecting end
Started GET "/" for ::1 at 2020-12-18 01:19:41 +0000
  [1m[35m (0.2ms)[0m  [1m[34mSELECT sqlite_version(*)[0m
Processing by RestaurantsController#index as HTML
  Rendering restaurants/index.html.erb within layouts/application
  Rendered restaurants/index.html.erb within layouts/application (Duration: 1.1ms | Allocations: 975)
Completed 500 Internal Server Error in 5ms (ActiveRecord: 0.0ms | Allocations: 1935)


  
ActionView::SyntaxErrorInTemplate (Encountered a syntax error while rendering template: check <!-- 15 Categories-->
<!-- Template source: https://codepen.io/steveeeie/pen/NVWMEM#_=_ -->
<link href="https://fonts.googleapis.com/css?family=Montserrat:400,700" rel="stylesheet">

<section class="hero-section">
  <div class="card-grid">
    <%= categories.each do |category| =%>
    <a class="card" href="#">
      <div class="card__background" style="background-image: url(https://images.unsplash.com/photo-1557177324-56c542165309?ixlib=rb-1.2.1&auto=format&fit=crop&w=1950&q=80)"></div>
      <div class="card__content">
        <p class="card__category">category.name</p>
        <!-- <h3 class="card__heading">Example Card Heading</h3> -->
      </div>
    </a>
    <%= end =%>
  <div>
</section>
):
1:    <!-- 15 Categories-->
2:    <!-- Template source: https://codepen.io/steveeeie/pen/NVWMEM#_=_ -->
3:    <link href="https://fonts.googleapis.com/css?family=Montserrat:400,700" rel="stylesheet">
4:    
5:    <section class="hero-section">
6:      <div class="card-grid">
7:        <%= categories.each do |category| =%>
8:        <a class="card" href="#">
9:          <div class="card__background" style="background-image: url(https://images.unsplash.com/photo-1557177324-56c542165309?ixlib=rb-1.2.1&auto=format&fit=crop&w=1950&q=80)"></div>
10:          <div class="card__content">
11:            <p class="card__category">category.name</p>
12:            <!-- <h3 class="card__heading">Example Card Heading</h3> -->
13:          </div>
14:        </a>
15:        <%= end =%>
16:      <div>
17:    </section>
  
app/views/restaurants/index.html.erb:14: syntax error, unexpected end
app/views/restaurants/index.html.erb:17: syntax error, unexpected end, expecting ')'
app/views/restaurants/index.html.erb:14: syntax error, unexpected end
app/views/restaurants/index.html.erb:17: syntax error, unexpected end, expecting ')'
app/views/restaurants/index.html.erb:14: syntax error, unexpected end
app/views/restaurants/index.html.erb:17: syntax error, unexpected end, expecting ')'
app/views/restaurants/index.html.erb:14: syntax error, unexpected end
app/views/restaurants/index.html.erb:17: syntax error, unexpected end, expecting ')'
app/views/restaurants/index.html.erb:14: syntax error, unexpected end
app/views/restaurants/index.html.erb:17: syntax error, unexpected end, expecting ')'
app/views/restaurants/index.html.erb:14: syntax error, unexpected end
app/views/restaurants/index.html.erb:17: syntax error, unexpected end, expecting ')'
app/controllers/restaurants_controller.rb:17:in `category'
app/controllers/restaurants_controller.rb:9:in `index'
Started GET "/" for ::1 at 2020-12-18 01:20:45 +0000
Processing by RestaurantsController#index as HTML
  Rendering restaurants/index.html.erb within layouts/application
  Rendered restaurants/index.html.erb within layouts/application (Duration: 361.8ms | Allocations: 146859)
Completed 500 Internal Server Error in 371ms (ActiveRecord: 0.0ms | Allocations: 148071)


  
ActionView::Template::Error (undefined local variable or method `categories' for #<#<Class:0x0000556ccfc08bb8>:0x0000556ccfc22a18>):
    4: 
    5: <section class="hero-section">
    6:   <div class="card-grid">
    7:     <% categories.each do |category| %>
    8:     <a class="card" href="#">
    9:       <div class="card__background" style="background-image: url(https://images.unsplash.com/photo-1557177324-56c542165309?ixlib=rb-1.2.1&auto=format&fit=crop&w=1950&q=80)"></div>
   10:       <div class="card__content">
  
app/views/restaurants/index.html.erb:7
app/controllers/restaurants_controller.rb:17:in `category'
app/controllers/restaurants_controller.rb:9:in `index'
Started GET "/" for ::1 at 2020-12-18 01:21:02 +0000
  [1m[35m (0.2ms)[0m  [1m[34mSELECT sqlite_version(*)[0m
Processing by RestaurantsController#index as HTML
  Rendering restaurants/index.html.erb within layouts/application
  Rendered restaurants/index.html.erb within layouts/application (Duration: 0.9ms | Allocations: 144)
[Webpacker] Everything's up-to-date. Nothing to do
Completed 200 OK in 11ms (Views: 10.0ms | ActiveRecord: 0.0ms | Allocations: 3803)


Started GET "/" for ::1 at 2020-12-18 01:21:36 +0000
Processing by RestaurantsController#index as HTML
  Rendering restaurants/index.html.erb within layouts/application
  Rendered restaurants/index.html.erb within layouts/application (Duration: 8.3ms | Allocations: 1837)
Completed 500 Internal Server Error in 20ms (ActiveRecord: 0.0ms | Allocations: 2998)


  
ActionView::Template::Error (undefined method `name' for {"name"=>"Sushi"}:Hash):
     8:     <a class="card" href="#">
     9:       <div class="card__background" style="background-image: url(https://images.unsplash.com/photo-1557177324-56c542165309?ixlib=rb-1.2.1&auto=format&fit=crop&w=1950&q=80)"></div>
    10:       <div class="card__content">
    11:         <p class="card__category"><%= category.name %></p>
    12:         <!-- <h3 class="card__heading">Example Card Heading</h3> -->
    13:       </div>
    14:     </a>
  
app/views/restaurants/index.html.erb:11
app/views/restaurants/index.html.erb:7:in `each'
app/views/restaurants/index.html.erb:7
app/controllers/restaurants_controller.rb:9:in `index'
Started GET "/" for ::1 at 2020-12-18 01:21:52 +0000
Processing by RestaurantsController#index as HTML
  Rendering restaurants/index.html.erb within layouts/application
  Rendered restaurants/index.html.erb within layouts/application (Duration: 1.5ms | Allocations: 160)
[Webpacker] Everything's up-to-date. Nothing to do
Completed 200 OK in 21ms (Views: 19.3ms | ActiveRecord: 0.0ms | Allocations: 4336)


Started GET "/" for ::1 at 2020-12-18 01:22:37 +0000
Processing by RestaurantsController#index as HTML
  Rendering restaurants/index.html.erb within layouts/application
  Rendered restaurants/index.html.erb within layouts/application (Duration: 1.7ms | Allocations: 162)
[Webpacker] Everything's up-to-date. Nothing to do
Completed 200 OK in 23ms (Views: 20.0ms | ActiveRecord: 0.0ms | Allocations: 4330)


Started GET "/" for ::1 at 2020-12-18 01:27:18 +0000
  [1m[35m (0.1ms)[0m  [1m[34mSELECT sqlite_version(*)[0m
Processing by RestaurantsController#index as HTML
  Rendering restaurants/index.html.erb within layouts/application
  Rendered restaurants/index.html.erb within layouts/application (Duration: 0.8ms | Allocations: 174)
[Webpacker] Everything's up-to-date. Nothing to do
Completed 200 OK in 9ms (Views: 8.3ms | ActiveRecord: 0.0ms | Allocations: 4325)


Started GET "/" for ::1 at 2020-12-18 01:30:37 +0000
  [1m[35m (0.1ms)[0m  [1m[34mSELECT sqlite_version(*)[0m
Processing by RestaurantsController#index as HTML
  Rendering restaurants/index.html.erb within layouts/application
  Rendered restaurants/index.html.erb within layouts/application (Duration: 0.9ms | Allocations: 210)
[Webpacker] Everything's up-to-date. Nothing to do
Completed 200 OK in 12ms (Views: 10.8ms | ActiveRecord: 0.0ms | Allocations: 4383)


Started GET "/vvvvvvv" for ::1 at 2020-12-18 01:30:38 +0000
Processing by RestaurantsController#category as HTML
  Parameters: {"category"=>"vvvvvvv"}
  Rendering restaurants/category.html.erb within layouts/application
  [1m[36mRestaurant Load (0.4ms)[0m  [1m[34mSELECT "restaurants".* FROM "restaurants" WHERE (category = 'vvvvvvv')[0m
  ↳ app/views/restaurants/category.html.erb:1
  Rendered restaurants/category.html.erb within layouts/application (Duration: 6.0ms | Allocations: 1210)
[Webpacker] Everything's up-to-date. Nothing to do
Completed 200 OK in 20ms (Views: 16.2ms | ActiveRecord: 1.0ms | Allocations: 4988)


Started GET "/" for ::1 at 2020-12-18 01:32:15 +0000
  [1m[35m (0.1ms)[0m  [1m[34mSELECT sqlite_version(*)[0m
Processing by RestaurantsController#index as HTML
  Rendering restaurants/index.html.erb within layouts/application
  Rendered restaurants/index.html.erb within layouts/application (Duration: 0.1ms | Allocations: 34)
[Webpacker] Everything's up-to-date. Nothing to do
Completed 200 OK in 6ms (Views: 5.3ms | ActiveRecord: 0.0ms | Allocations: 3446)


Started GET "/vvvvvvv" for ::1 at 2020-12-18 01:32:16 +0000
Processing by RestaurantsController#category as HTML
  Parameters: {"category"=>"vvvvvvv"}
  Rendering restaurants/category.html.erb within layouts/application
  [1m[36mRestaurant Load (0.4ms)[0m  [1m[34mSELECT "restaurants".* FROM "restaurants" WHERE (category = 'vvvvvvv')[0m
  ↳ app/views/restaurants/category.html.erb:1
  Rendered restaurants/category.html.erb within layouts/application (Duration: 4.6ms | Allocations: 1076)
[Webpacker] Everything's up-to-date. Nothing to do
Completed 200 OK in 21ms (Views: 17.6ms | ActiveRecord: 0.9ms | Allocations: 4708)


Started GET "/" for ::1 at 2020-12-18 01:33:21 +0000
  [1m[35m (0.4ms)[0m  [1m[34mSELECT sqlite_version(*)[0m
Processing by RestaurantsController#index as HTML
  Rendering restaurants/index.html.erb within layouts/application
  Rendered restaurants/index.html.erb within layouts/application (Duration: 0.3ms | Allocations: 34)
[Webpacker] Everything's up-to-date. Nothing to do
Completed 200 OK in 26ms (Views: 23.2ms | ActiveRecord: 0.0ms | Allocations: 3456)


Started GET "/vvvvvvv" for ::1 at 2020-12-18 01:33:21 +0000
Processing by RestaurantsController#category as HTML
  Parameters: {"category"=>"vvvvvvv"}
  Rendering restaurants/category.html.erb within layouts/application
  [1m[36mRestaurant Load (0.3ms)[0m  [1m[34mSELECT "restaurants".* FROM "restaurants" WHERE (category = 'vvvvvvv')[0m
  ↳ app/views/restaurants/category.html.erb:1
  Rendered restaurants/category.html.erb within layouts/application (Duration: 5.5ms | Allocations: 1075)
[Webpacker] Everything's up-to-date. Nothing to do
Completed 200 OK in 18ms (Views: 11.9ms | ActiveRecord: 1.1ms | Allocations: 4695)


Started GET "/" for ::1 at 2020-12-18 01:34:15 +0000
  [1m[35m (0.1ms)[0m  [1m[34mSELECT sqlite_version(*)[0m
Processing by RestaurantsController#index as HTML
  Rendering restaurants/index.html.erb within layouts/application
  Rendered restaurants/index.html.erb within layouts/application (Duration: 0.1ms | Allocations: 34)
[Webpacker] Everything's up-to-date. Nothing to do
Completed 200 OK in 7ms (Views: 6.1ms | ActiveRecord: 0.0ms | Allocations: 3448)


Started GET "/vvvvvvv" for ::1 at 2020-12-18 01:34:15 +0000
Processing by RestaurantsController#category as HTML
  Parameters: {"category"=>"vvvvvvv"}
  Rendering restaurants/category.html.erb within layouts/application
  [1m[36mRestaurant Load (0.6ms)[0m  [1m[34mSELECT "restaurants".* FROM "restaurants" WHERE (category = 'vvvvvvv')[0m
  ↳ app/views/restaurants/category.html.erb:1
  Rendered restaurants/category.html.erb within layouts/application (Duration: 7.2ms | Allocations: 1076)
[Webpacker] Everything's up-to-date. Nothing to do
Completed 200 OK in 21ms (Views: 16.3ms | ActiveRecord: 1.1ms | Allocations: 4708)


Started GET "/" for ::1 at 2020-12-18 01:35:16 +0000
  [1m[35m (0.1ms)[0m  [1m[34mSELECT sqlite_version(*)[0m
Processing by RestaurantsController#index as HTML
  Rendering restaurants/index.html.erb within layouts/application
  Rendered restaurants/index.html.erb within layouts/application (Duration: 0.1ms | Allocations: 34)
[Webpacker] Everything's up-to-date. Nothing to do
Completed 200 OK in 6ms (Views: 5.1ms | ActiveRecord: 0.0ms | Allocations: 3452)


Started GET "/vvvvvvv" for ::1 at 2020-12-18 01:35:16 +0000
Processing by RestaurantsController#category as HTML
  Parameters: {"category"=>"vvvvvvv"}
  Rendering restaurants/category.html.erb within layouts/application
  [1m[36mRestaurant Load (0.2ms)[0m  [1m[34mSELECT "restaurants".* FROM "restaurants" WHERE (category = 'vvvvvvv')[0m
  ↳ app/views/restaurants/category.html.erb:1
  Rendered restaurants/category.html.erb within layouts/application (Duration: 4.8ms | Allocations: 1075)
[Webpacker] Everything's up-to-date. Nothing to do
Completed 200 OK in 18ms (Views: 11.8ms | ActiveRecord: 1.5ms | Allocations: 4699)


Started GET "/" for ::1 at 2020-12-18 01:35:41 +0000
  [1m[35m (0.1ms)[0m  [1m[34mSELECT sqlite_version(*)[0m
Processing by RestaurantsController#index as HTML
  Rendering restaurants/index.html.erb within layouts/application
  Rendered restaurants/index.html.erb within layouts/application (Duration: 0.1ms | Allocations: 34)
[Webpacker] Everything's up-to-date. Nothing to do
Completed 200 OK in 7ms (Views: 6.4ms | ActiveRecord: 0.0ms | Allocations: 3434)


Started GET "/vvvvvvv" for ::1 at 2020-12-18 01:35:41 +0000
Processing by RestaurantsController#category as HTML
  Parameters: {"category"=>"vvvvvvv"}
  Rendering restaurants/category.html.erb within layouts/application
  [1m[36mRestaurant Load (0.6ms)[0m  [1m[34mSELECT "restaurants".* FROM "restaurants" WHERE (category = 'vvvvvvv')[0m
  ↳ app/views/restaurants/category.html.erb:1
  Rendered restaurants/category.html.erb within layouts/application (Duration: 6.6ms | Allocations: 1075)
[Webpacker] Everything's up-to-date. Nothing to do
Completed 200 OK in 20ms (Views: 14.3ms | ActiveRecord: 1.4ms | Allocations: 4703)


Started GET "/" for ::1 at 2020-12-18 01:36:43 +0000
  [1m[35m (0.1ms)[0m  [1m[34mSELECT sqlite_version(*)[0m
Processing by RestaurantsController#index as HTML
  Rendering restaurants/index.html.erb within layouts/application
  Rendered restaurants/index.html.erb within layouts/application (Duration: 0.2ms | Allocations: 34)
[Webpacker] Everything's up-to-date. Nothing to do
Completed 200 OK in 23ms (Views: 21.7ms | ActiveRecord: 0.0ms | Allocations: 3449)


Started GET "/vvvvvvv" for ::1 at 2020-12-18 01:36:43 +0000
Processing by RestaurantsController#category as HTML
  Parameters: {"category"=>"vvvvvvv"}
  Rendering restaurants/category.html.erb within layouts/application
  [1m[36mRestaurant Load (0.5ms)[0m  [1m[34mSELECT "restaurants".* FROM "restaurants" WHERE (category = 'vvvvvvv')[0m
  ↳ app/views/restaurants/category.html.erb:1
  Rendered restaurants/category.html.erb within layouts/application (Duration: 5.1ms | Allocations: 1076)
[Webpacker] Everything's up-to-date. Nothing to do
Completed 200 OK in 21ms (Views: 13.0ms | ActiveRecord: 0.9ms | Allocations: 4711)


Started GET "/" for ::1 at 2020-12-18 01:37:31 +0000
  [1m[35m (0.1ms)[0m  [1m[34mSELECT sqlite_version(*)[0m
Processing by RestaurantsController#index as HTML
  Rendering restaurants/index.html.erb within layouts/application
  Rendered restaurants/index.html.erb within layouts/application (Duration: 0.1ms | Allocations: 34)
[Webpacker] Everything's up-to-date. Nothing to do
Completed 200 OK in 6ms (Views: 5.3ms | ActiveRecord: 0.0ms | Allocations: 3438)


Started GET "/vvvvvvv" for ::1 at 2020-12-18 01:37:31 +0000
Processing by RestaurantsController#category as HTML
  Parameters: {"category"=>"vvvvvvv"}
  Rendering restaurants/category.html.erb within layouts/application
  [1m[36mRestaurant Load (0.2ms)[0m  [1m[34mSELECT "restaurants".* FROM "restaurants" WHERE (category = 'vvvvvvv')[0m
  ↳ app/views/restaurants/category.html.erb:1
  Rendered restaurants/category.html.erb within layouts/application (Duration: 3.3ms | Allocations: 1075)
[Webpacker] Everything's up-to-date. Nothing to do
Completed 200 OK in 11ms (Views: 7.9ms | ActiveRecord: 0.7ms | Allocations: 4695)


Started GET "/" for ::1 at 2020-12-18 01:39:34 +0000
  [1m[35m (0.1ms)[0m  [1m[34mSELECT sqlite_version(*)[0m
Processing by RestaurantsController#index as HTML
  Rendering restaurants/index.html.erb within layouts/application
  Rendered restaurants/index.html.erb within layouts/application (Duration: 0.4ms | Allocations: 34)
[Webpacker] Everything's up-to-date. Nothing to do
Completed 200 OK in 12ms (Views: 11.0ms | ActiveRecord: 0.0ms | Allocations: 3616)


Started GET "/vvvvvvv" for ::1 at 2020-12-18 01:39:34 +0000
Processing by RestaurantsController#category as HTML
  Parameters: {"category"=>"vvvvvvv"}
  Rendering restaurants/category.html.erb within layouts/application
  [1m[36mRestaurant Load (0.4ms)[0m  [1m[34mSELECT "restaurants".* FROM "restaurants" WHERE (category = 'vvvvvvv')[0m
  ↳ app/views/restaurants/category.html.erb:1
  Rendered restaurants/category.html.erb within layouts/application (Duration: 6.8ms | Allocations: 1075)
[Webpacker] Everything's up-to-date. Nothing to do
Completed 200 OK in 22ms (Views: 15.4ms | ActiveRecord: 1.4ms | Allocations: 4705)


Started GET "/" for ::1 at 2020-12-18 01:40:03 +0000
  [1m[35m (0.1ms)[0m  [1m[34mSELECT sqlite_version(*)[0m
Processing by RestaurantsController#index as HTML
  Rendering restaurants/index.html.erb within layouts/application
  Rendered restaurants/index.html.erb within layouts/application (Duration: 0.2ms | Allocations: 34)
[Webpacker] Everything's up-to-date. Nothing to do
Completed 200 OK in 6ms (Views: 5.5ms | ActiveRecord: 0.0ms | Allocations: 3448)


Started GET "/vvvvvvv" for ::1 at 2020-12-18 01:40:04 +0000
Processing by RestaurantsController#category as HTML
  Parameters: {"category"=>"vvvvvvv"}
  Rendering restaurants/category.html.erb within layouts/application
  [1m[36mRestaurant Load (0.5ms)[0m  [1m[34mSELECT "restaurants".* FROM "restaurants" WHERE (category = 'vvvvvvv')[0m
  ↳ app/views/restaurants/category.html.erb:1
  Rendered restaurants/category.html.erb within layouts/application (Duration: 33.4ms | Allocations: 1075)
[Webpacker] Everything's up-to-date. Nothing to do
Completed 200 OK in 57ms (Views: 51.0ms | ActiveRecord: 1.3ms | Allocations: 4703)


Started GET "/" for ::1 at 2020-12-18 01:40:14 +0000
  [1m[35m (0.1ms)[0m  [1m[34mSELECT sqlite_version(*)[0m
Processing by RestaurantsController#index as HTML
  Rendering restaurants/index.html.erb within layouts/application
  Rendered restaurants/index.html.erb within layouts/application (Duration: 0.1ms | Allocations: 34)
[Webpacker] Everything's up-to-date. Nothing to do
Completed 200 OK in 6ms (Views: 5.2ms | ActiveRecord: 0.0ms | Allocations: 3448)


Started GET "/vvvvvvv" for ::1 at 2020-12-18 01:40:14 +0000
Processing by RestaurantsController#category as HTML
  Parameters: {"category"=>"vvvvvvv"}
  Rendering restaurants/category.html.erb within layouts/application
  [1m[36mRestaurant Load (0.5ms)[0m  [1m[34mSELECT "restaurants".* FROM "restaurants" WHERE (category = 'vvvvvvv')[0m
  ↳ app/views/restaurants/category.html.erb:1
  Rendered restaurants/category.html.erb within layouts/application (Duration: 9.3ms | Allocations: 1076)
[Webpacker] Everything's up-to-date. Nothing to do
Completed 200 OK in 18ms (Views: 13.0ms | ActiveRecord: 2.3ms | Allocations: 4726)


Started GET "/" for ::1 at 2020-12-18 01:41:20 +0000
  [1m[35m (0.1ms)[0m  [1m[34mSELECT sqlite_version(*)[0m
Processing by RestaurantsController#index as HTML
  Rendering restaurants/index.html.erb within layouts/application
  Rendered restaurants/index.html.erb within layouts/application (Duration: 0.1ms | Allocations: 34)
[Webpacker] Everything's up-to-date. Nothing to do
Completed 200 OK in 6ms (Views: 5.3ms | ActiveRecord: 0.0ms | Allocations: 3452)


Started GET "/vvvvvvv" for ::1 at 2020-12-18 01:41:20 +0000
Processing by RestaurantsController#category as HTML
  Parameters: {"category"=>"vvvvvvv"}
  Rendering restaurants/category.html.erb within layouts/application
  [1m[36mRestaurant Load (0.2ms)[0m  [1m[34mSELECT "restaurants".* FROM "restaurants" WHERE (category = 'vvvvvvv')[0m
  ↳ app/views/restaurants/category.html.erb:1
  Rendered restaurants/category.html.erb within layouts/application (Duration: 3.6ms | Allocations: 1075)
[Webpacker] Everything's up-to-date. Nothing to do
Completed 200 OK in 20ms (Views: 14.1ms | ActiveRecord: 0.7ms | Allocations: 4695)


Started GET "/" for ::1 at 2020-12-18 01:41:45 +0000
  [1m[35m (0.2ms)[0m  [1m[34mSELECT sqlite_version(*)[0m
Processing by RestaurantsController#index as HTML
  Rendering restaurants/index.html.erb within layouts/application
  Rendered restaurants/index.html.erb within layouts/application (Duration: 0.2ms | Allocations: 34)
[Webpacker] Everything's up-to-date. Nothing to do
Completed 200 OK in 14ms (Views: 12.2ms | ActiveRecord: 0.0ms | Allocations: 3446)


Started GET "/vvvvvvv" for ::1 at 2020-12-18 01:41:45 +0000
Processing by RestaurantsController#category as HTML
  Parameters: {"category"=>"vvvvvvv"}
  Rendering restaurants/category.html.erb within layouts/application
  [1m[36mRestaurant Load (0.3ms)[0m  [1m[34mSELECT "restaurants".* FROM "restaurants" WHERE (category = 'vvvvvvv')[0m
  ↳ app/views/restaurants/category.html.erb:1
  Rendered restaurants/category.html.erb within layouts/application (Duration: 7.9ms | Allocations: 1075)
[Webpacker] Everything's up-to-date. Nothing to do
Completed 200 OK in 54ms (Views: 46.2ms | ActiveRecord: 1.4ms | Allocations: 4702)


Started GET "/" for ::1 at 2020-12-18 01:44:57 +0000
  [1m[35m (0.1ms)[0m  [1m[34mSELECT sqlite_version(*)[0m
Processing by RestaurantsController#index as HTML
  Rendering restaurants/index.html.erb within layouts/application
  Rendered restaurants/index.html.erb within layouts/application (Duration: 0.2ms | Allocations: 34)
[Webpacker] Everything's up-to-date. Nothing to do
Completed 200 OK in 8ms (Views: 7.0ms | ActiveRecord: 0.0ms | Allocations: 3451)


Started GET "/vvvvvvv" for ::1 at 2020-12-18 01:44:57 +0000
Processing by RestaurantsController#category as HTML
  Parameters: {"category"=>"vvvvvvv"}
  Rendering restaurants/category.html.erb within layouts/application
  [1m[36mRestaurant Load (0.3ms)[0m  [1m[34mSELECT "restaurants".* FROM "restaurants" WHERE (category = 'vvvvvvv')[0m
  ↳ app/views/restaurants/category.html.erb:1
  Rendered restaurants/category.html.erb within layouts/application (Duration: 4.3ms | Allocations: 1076)
[Webpacker] Everything's up-to-date. Nothing to do
Completed 200 OK in 16ms (Views: 11.8ms | ActiveRecord: 0.9ms | Allocations: 4704)


Started GET "/" for ::1 at 2020-12-18 01:46:31 +0000
  [1m[35m (0.1ms)[0m  [1m[34mSELECT sqlite_version(*)[0m
Processing by RestaurantsController#index as HTML
  Rendering restaurants/index.html.erb within layouts/application
  Rendered restaurants/index.html.erb within layouts/application (Duration: 0.1ms | Allocations: 34)
[Webpacker] Everything's up-to-date. Nothing to do
Completed 200 OK in 7ms (Views: 5.7ms | ActiveRecord: 0.0ms | Allocations: 3454)


Started GET "/vvvvvvv" for ::1 at 2020-12-18 01:46:32 +0000
Processing by RestaurantsController#category as HTML
  Parameters: {"category"=>"vvvvvvv"}
  Rendering restaurants/category.html.erb within layouts/application
  [1m[36mRestaurant Load (0.3ms)[0m  [1m[34mSELECT "restaurants".* FROM "restaurants" WHERE (category = 'vvvvvvv')[0m
  ↳ app/views/restaurants/category.html.erb:1
  Rendered restaurants/category.html.erb within layouts/application (Duration: 3.4ms | Allocations: 1075)
[Webpacker] Everything's up-to-date. Nothing to do
Completed 200 OK in 16ms (Views: 10.8ms | ActiveRecord: 0.7ms | Allocations: 4693)


Started GET "/" for ::1 at 2020-12-18 01:48:44 +0000
  [1m[35m (0.1ms)[0m  [1m[34mSELECT sqlite_version(*)[0m
Processing by RestaurantsController#index as HTML
  Rendering restaurants/index.html.erb within layouts/application
  Rendered restaurants/index.html.erb within layouts/application (Duration: 0.1ms | Allocations: 34)
[Webpacker] Everything's up-to-date. Nothing to do
Completed 200 OK in 7ms (Views: 6.0ms | ActiveRecord: 0.0ms | Allocations: 3446)


Started GET "/" for ::1 at 2020-12-18 02:01:53 +0000
  [1m[35m (0.1ms)[0m  [1m[34mSELECT sqlite_version(*)[0m
Processing by RestaurantsController#index as HTML
  Rendering restaurants/index.html.erb within layouts/application
  Rendered restaurants/index.html.erb within layouts/application (Duration: 0.7ms | Allocations: 210)
[Webpacker] Everything's up-to-date. Nothing to do
Completed 200 OK in 10ms (Views: 8.0ms | ActiveRecord: 0.0ms | Allocations: 4426)


Started GET "/" for ::1 at 2020-12-18 02:02:05 +0000
Processing by RestaurantsController#index as HTML
  Rendering restaurants/index.html.erb within layouts/application
  Rendered restaurants/index.html.erb within layouts/application (Duration: 3.4ms | Allocations: 206)
[Webpacker] Everything's up-to-date. Nothing to do
Completed 200 OK in 41ms (Views: 36.6ms | ActiveRecord: 0.0ms | Allocations: 4421)


Started GET "/" for ::1 at 2020-12-18 02:04:35 +0000
Processing by RestaurantsController#index as HTML
  Rendering restaurants/index.html.erb within layouts/application
  Rendered restaurants/index.html.erb within layouts/application (Duration: 1.4ms | Allocations: 208)
[Webpacker] Everything's up-to-date. Nothing to do
Completed 200 OK in 32ms (Views: 30.0ms | ActiveRecord: 0.0ms | Allocations: 8392)


Started GET "/" for ::1 at 2020-12-18 02:05:01 +0000
Processing by RestaurantsController#index as HTML
  Rendering restaurants/index.html.erb within layouts/application
  Rendered restaurants/index.html.erb within layouts/application (Duration: 2.5ms | Allocations: 34)
[Webpacker] Everything's up-to-date. Nothing to do
Completed 200 OK in 64ms (Views: 60.6ms | ActiveRecord: 0.0ms | Allocations: 7655)


Started GET "/" for ::1 at 2020-12-18 02:05:16 +0000
Processing by RestaurantsController#index as HTML
  Rendering restaurants/index.html.erb within layouts/application
  Rendered restaurants/index.html.erb within layouts/application (Duration: 0.2ms | Allocations: 34)
[Webpacker] Everything's up-to-date. Nothing to do
Completed 200 OK in 29ms (Views: 26.2ms | ActiveRecord: 0.0ms | Allocations: 6869)


Started GET "/" for ::1 at 2020-12-18 02:05:54 +0000
Processing by RestaurantsController#index as HTML
  Rendering restaurants/index.html.erb within layouts/application
  Rendered restaurants/index.html.erb within layouts/application (Duration: 0.3ms | Allocations: 34)
[Webpacker] Everything's up-to-date. Nothing to do
Completed 200 OK in 23ms (Views: 22.1ms | ActiveRecord: 0.0ms | Allocations: 7320)


Started GET "/" for ::1 at 2020-12-18 02:06:06 +0000
Processing by RestaurantsController#index as HTML
  Rendering restaurants/index.html.erb within layouts/application
  Rendered restaurants/index.html.erb within layouts/application (Duration: 0.3ms | Allocations: 34)
[Webpacker] Everything's up-to-date. Nothing to do
Completed 200 OK in 32ms (Views: 29.5ms | ActiveRecord: 0.0ms | Allocations: 7312)


Started GET "/" for ::1 at 2020-12-18 02:06:13 +0000
Processing by RestaurantsController#index as HTML
  Rendering restaurants/index.html.erb within layouts/application
  Rendered restaurants/index.html.erb within layouts/application (Duration: 1.0ms | Allocations: 34)
[Webpacker] Everything's up-to-date. Nothing to do
Completed 200 OK in 96ms (Views: 92.4ms | ActiveRecord: 0.0ms | Allocations: 6879)


Started GET "/" for ::1 at 2020-12-18 02:06:31 +0000
Processing by RestaurantsController#index as HTML
  Rendering restaurants/index.html.erb within layouts/application
  Rendered restaurants/index.html.erb within layouts/application (Duration: 0.5ms | Allocations: 34)
[Webpacker] Everything's up-to-date. Nothing to do
Completed 200 OK in 69ms (Views: 66.1ms | ActiveRecord: 0.0ms | Allocations: 7331)


Started GET "/" for ::1 at 2020-12-18 02:06:37 +0000
Processing by RestaurantsController#index as HTML
  Rendering restaurants/index.html.erb within layouts/application
  Rendered restaurants/index.html.erb within layouts/application (Duration: 0.2ms | Allocations: 34)
[Webpacker] Everything's up-to-date. Nothing to do
Completed 200 OK in 35ms (Views: 34.4ms | ActiveRecord: 0.0ms | Allocations: 7349)


Started GET "/" for ::1 at 2020-12-18 02:06:47 +0000
Processing by RestaurantsController#index as HTML
  Rendering restaurants/index.html.erb within layouts/application
  Rendered restaurants/index.html.erb within layouts/application (Duration: 0.4ms | Allocations: 34)
[Webpacker] Everything's up-to-date. Nothing to do
Completed 200 OK in 82ms (Views: 78.6ms | ActiveRecord: 0.0ms | Allocations: 6889)


Started GET "/" for ::1 at 2020-12-18 02:06:52 +0000
Processing by RestaurantsController#index as HTML
  Rendering restaurants/index.html.erb within layouts/application
  Rendered restaurants/index.html.erb within layouts/application (Duration: 2.2ms | Allocations: 34)
[Webpacker] Everything's up-to-date. Nothing to do
Completed 200 OK in 98ms (Views: 95.1ms | ActiveRecord: 0.0ms | Allocations: 7309)


Started GET "/" for ::1 at 2020-12-18 02:07:11 +0000
Processing by RestaurantsController#index as HTML
  Rendering restaurants/index.html.erb within layouts/application
  Rendered restaurants/index.html.erb within layouts/application (Duration: 0.7ms | Allocations: 34)
[Webpacker] Everything's up-to-date. Nothing to do
Completed 200 OK in 83ms (Views: 80.5ms | ActiveRecord: 0.0ms | Allocations: 7321)


Started GET "/" for ::1 at 2020-12-18 02:07:49 +0000
Processing by RestaurantsController#index as HTML
  Rendering restaurants/index.html.erb within layouts/application
  Rendered restaurants/index.html.erb within layouts/application (Duration: 0.8ms | Allocations: 34)
[Webpacker] Everything's up-to-date. Nothing to do
Completed 200 OK in 43ms (Views: 42.0ms | ActiveRecord: 0.0ms | Allocations: 7692)


Started GET "/" for ::1 at 2020-12-18 02:08:23 +0000
Processing by RestaurantsController#index as HTML
  Rendering restaurants/index.html.erb within layouts/application
  Rendered restaurants/index.html.erb within layouts/application (Duration: 1.9ms | Allocations: 34)
[Webpacker] Everything's up-to-date. Nothing to do
Completed 200 OK in 37ms (Views: 35.7ms | ActiveRecord: 0.0ms | Allocations: 6883)


Started GET "/" for ::1 at 2020-12-18 02:08:53 +0000
Processing by RestaurantsController#index as HTML
  Rendering restaurants/index.html.erb within layouts/application
  Rendered restaurants/index.html.erb within layouts/application (Duration: 0.2ms | Allocations: 34)
[Webpacker] Everything's up-to-date. Nothing to do
Completed 200 OK in 46ms (Views: 44.6ms | ActiveRecord: 0.0ms | Allocations: 6897)


Started GET "/" for ::1 at 2020-12-18 02:09:21 +0000
Processing by RestaurantsController#index as HTML
  Rendering restaurants/index.html.erb within layouts/application
  Rendered restaurants/index.html.erb within layouts/application (Duration: 1.0ms | Allocations: 34)
[Webpacker] Everything's up-to-date. Nothing to do
Completed 200 OK in 79ms (Views: 74.7ms | ActiveRecord: 0.0ms | Allocations: 7704)


Started GET "/" for ::1 at 2020-12-18 02:09:54 +0000
Processing by RestaurantsController#index as HTML
  Rendering restaurants/index.html.erb within layouts/application
  Rendered restaurants/index.html.erb within layouts/application (Duration: 0.2ms | Allocations: 34)
[Webpacker] Everything's up-to-date. Nothing to do
Completed 200 OK in 35ms (Views: 33.7ms | ActiveRecord: 0.0ms | Allocations: 6895)


Started GET "/" for ::1 at 2020-12-18 02:10:01 +0000
Processing by RestaurantsController#index as HTML
  Rendering restaurants/index.html.erb within layouts/application
  Rendered restaurants/index.html.erb within layouts/application (Duration: 0.2ms | Allocations: 34)
[Webpacker] Everything's up-to-date. Nothing to do
Completed 200 OK in 11ms (Views: 10.2ms | ActiveRecord: 0.0ms | Allocations: 3347)


Started GET "/" for ::1 at 2020-12-18 02:10:34 +0000
Processing by RestaurantsController#index as HTML
  Rendering restaurants/index.html.erb within layouts/application
  Rendered restaurants/index.html.erb within layouts/application (Duration: 0.1ms | Allocations: 34)
[Webpacker] Everything's up-to-date. Nothing to do
Completed 200 OK in 28ms (Views: 26.8ms | ActiveRecord: 0.0ms | Allocations: 7284)


Started GET "/" for ::1 at 2020-12-18 02:10:43 +0000
Processing by RestaurantsController#index as HTML
  Rendering restaurants/index.html.erb within layouts/application
  Rendered restaurants/index.html.erb within layouts/application (Duration: 1.7ms | Allocations: 34)
[Webpacker] Everything's up-to-date. Nothing to do
Completed 200 OK in 79ms (Views: 76.0ms | ActiveRecord: 0.0ms | Allocations: 7373)


Started GET "/" for ::1 at 2020-12-18 02:12:05 +0000
Processing by RestaurantsController#index as HTML
  Rendering restaurants/index.html.erb within layouts/application
  Rendered restaurants/index.html.erb within layouts/application (Duration: 0.2ms | Allocations: 34)
[Webpacker] Everything's up-to-date. Nothing to do
Completed 200 OK in 24ms (Views: 22.7ms | ActiveRecord: 0.0ms | Allocations: 6893)


Started GET "/" for ::1 at 2020-12-18 02:12:35 +0000
Processing by RestaurantsController#index as HTML
  Rendering restaurants/index.html.erb within layouts/application
  Rendered restaurants/index.html.erb within layouts/application (Duration: 0.2ms | Allocations: 34)
[Webpacker] Everything's up-to-date. Nothing to do
Completed 200 OK in 10ms (Views: 9.3ms | ActiveRecord: 0.0ms | Allocations: 3335)


Started GET "/" for ::1 at 2020-12-18 02:12:36 +0000
Processing by RestaurantsController#index as HTML
  Rendering restaurants/index.html.erb within layouts/application
  Rendered restaurants/index.html.erb within layouts/application (Duration: 0.2ms | Allocations: 34)
[Webpacker] Everything's up-to-date. Nothing to do
Completed 200 OK in 29ms (Views: 28.5ms | ActiveRecord: 0.0ms | Allocations: 3332)


Started GET "/" for ::1 at 2020-12-18 02:15:07 +0000
Processing by RestaurantsController#index as HTML
  Rendering restaurants/index.html.erb within layouts/application
  Rendered restaurants/index.html.erb within layouts/application (Duration: 0.2ms | Allocations: 34)
[Webpacker] Everything's up-to-date. Nothing to do
Completed 200 OK in 9ms (Views: 7.6ms | ActiveRecord: 0.0ms | Allocations: 3336)


